<?xml version="1.0" encoding="UTF-8"?>
<!-- Generated by org.testng.reporters.JUnitReportReporter -->
<testsuite skipped="0" hostname="TO8K4MZL2-D" name="com.pt.SupplierReg" tests="1" failures="0" timestamp="26 Nov 2019 13:02:04 GMT" time="53.401" errors="0">
  <testcase name="openApplication" time="53.401" classname="com.pt.SupplierReg"/>
</testsuite> <!-- com.pt.SupplierReg -->
