<?xml version="1.0" encoding="UTF-8"?>
<!-- Generated by org.testng.reporters.JUnitReportReporter -->
<testsuite name="com.techouts.fanniemae.test.CreateRequisitions" tests="3" time="0.000" ignored="0" failures="0" timestamp="30 Aug 2019 20:32:56 GMT" skipped="3" hostname="TO-W7GL-15" errors="0">
  <testcase name="createSpecialRequestsRequisitions" time="0.000" classname="com.techouts.fanniemae.test.CreateRequisitions">
    <skipped/>
  </testcase> <!-- createSpecialRequestsRequisitions -->
  <testcase name="commodityApprovalforSubmittedRequest" time="0.000" classname="com.techouts.fanniemae.test.CreateRequisitions">
    <skipped/>
  </testcase> <!-- commodityApprovalforSubmittedRequest -->
  <testcase name="openExcelFile" time="0.000" classname="com.techouts.fanniemae.test.CreateRequisitions">
    <skipped/>
  </testcase> <!-- openExcelFile -->
</testsuite> <!-- com.techouts.fanniemae.test.CreateRequisitions -->
