<?xml version="1.0" encoding="UTF-8"?>
<!-- Generated by org.testng.reporters.JUnitReportReporter -->
<testsuite skipped="0" hostname="TO-W7GL-15" name="com.techouts.fanniemae.testcases.TestingClass" tests="1" failures="0" timestamp="04 Sep 2019 10:32:52 GMT" time="1.983" errors="0">
  <testcase name="testingMethod" time="1.983" classname="com.techouts.fanniemae.testcases.TestingClass"/>
</testsuite> <!-- com.techouts.fanniemae.testcases.TestingClass -->
