<?xml version="1.0" encoding="UTF-8"?>
<!-- Generated by org.testng.reporters.JUnitReportReporter -->
<testsuite name="com.techouts.fanniemae.test.BeforeSuitePerformer" tests="1" time="0.000" ignored="0" failures="0" timestamp="30 Aug 2019 20:32:56 GMT" skipped="0" hostname="TO-W7GL-15" errors="1">
  <testcase name="init" time="0.000" classname="com.techouts.fanniemae.test.BeforeSuitePerformer">
    <error type="java.lang.NoClassDefFoundError" message="com/sun/mail/util/PropUtil">
      <![CDATA[java.lang.NoClassDefFoundError: com/sun/mail/util/PropUtil
	at javax.mail.internet.InternetAddress.<clinit>(InternetAddress.java:86)
	at com.techouts.fanniemae.dto.MailParam$MailConfig.initFrom(MailParam.java:80)
	at com.techouts.fanniemae.dto.MailParam$MailConfig.<init>(MailParam.java:69)
	at com.techouts.fanniemae.dto.MailParam.<init>(MailParam.java:23)
	at com.techouts.fanniemae.test.BeforeSuitePerformer.init(BeforeSuitePerformer.java:22)
	at sun.reflect.NativeMethodAccessorImpl.invoke0(Native Method)
	at sun.reflect.NativeMethodAccessorImpl.invoke(Unknown Source)
	at sun.reflect.DelegatingMethodAccessorImpl.invoke(Unknown Source)
	at java.lang.reflect.Method.invoke(Unknown Source)
	at org.testng.internal.MethodInvocationHelper.invokeMethod(MethodInvocationHelper.java:104)
	at org.testng.internal.Invoker.invokeConfigurationMethod(Invoker.java:515)
	at org.testng.internal.Invoker.invokeConfigurations(Invoker.java:217)
	at org.testng.internal.Invoker.invokeConfigurations(Invoker.java:144)
	at org.testng.SuiteRunner.privateRun(SuiteRunner.java:326)
	at org.testng.SuiteRunner.run(SuiteRunner.java:289)
	at org.testng.SuiteRunnerWorker.runSuite(SuiteRunnerWorker.java:52)
	at org.testng.SuiteRunnerWorker.run(SuiteRunnerWorker.java:86)
	at org.testng.TestNG.runSuitesSequentially(TestNG.java:1293)
	at org.testng.TestNG.runSuitesLocally(TestNG.java:1218)
	at org.testng.TestNG.runSuites(TestNG.java:1133)
	at org.testng.TestNG.run(TestNG.java:1104)
	at org.testng.remote.AbstractRemoteTestNG.run(AbstractRemoteTestNG.java:115)
	at org.testng.remote.RemoteTestNG.initAndRun(RemoteTestNG.java:251)
	at org.testng.remote.RemoteTestNG.main(RemoteTestNG.java:77)
Caused by: java.lang.ClassNotFoundException: com.sun.mail.util.PropUtil
	at java.net.URLClassLoader.findClass(Unknown Source)
	at java.lang.ClassLoader.loadClass(Unknown Source)
	at sun.misc.Launcher$AppClassLoader.loadClass(Unknown Source)
	at java.lang.ClassLoader.loadClass(Unknown Source)
	... 24 more
]]>
    </error>
  </testcase> <!-- init -->
</testsuite> <!-- com.techouts.fanniemae.test.BeforeSuitePerformer -->
