<?xml version="1.0" encoding="UTF-8"?>
<!-- Generated by org.testng.reporters.JUnitReportReporter -->
<testsuite skipped="0" hostname="TO8K4MZL2-D" name="com.pt.Sample1" tests="1" failures="0" timestamp="26 Nov 2019 13:49:38 GMT" time="13.489" errors="0">
  <testcase name="openApplication" time="13.489" classname="com.pt.Sample1"/>
</testsuite> <!-- com.pt.Sample1 -->
