<?xml version="1.0" encoding="UTF-8"?>
<!-- Generated by org.testng.reporters.JUnitReportReporter -->
<testsuite hostname="DESKTOP-GQGB5AK" name="com.techouts.fanniemae.testcases.CorporateSupplierCreationTest" tests="1" failures="0" timestamp="29 Oct 2019 10:04:28 GMT" time="207.278" errors="0">
  <testcase name="createCorporateSupplier" time="207.278" classname="com.techouts.fanniemae.testcases.CorporateSupplierCreationTest"/>
</testsuite> <!-- com.techouts.fanniemae.testcases.CorporateSupplierCreationTest -->
