<?xml version="1.0" encoding="UTF-8"?>
<!-- Generated by org.testng.reporters.JUnitReportReporter -->
<testsuite hostname="TO-2GF3Z52-L" name="com.techouts.fanniemae.testcases.CreateRequisitionsTest" tests="2" failures="0" timestamp="3 Nov 2019 13:35:16 GMT" time="219.877" errors="0">
  <testcase name="commodityApprovalforSubmittedRequest" time="56.730" classname="com.techouts.fanniemae.testcases.CreateRequisitionsTest"/>
  <testcase name="createSpecialRequestsRequisitions" time="163.147" classname="com.techouts.fanniemae.testcases.CreateRequisitionsTest"/>
</testsuite> <!-- com.techouts.fanniemae.testcases.CreateRequisitionsTest -->
