<?xml version="1.0" encoding="UTF-8"?>
<!-- Generated by org.testng.reporters.JUnitReportReporter -->
<testsuite hostname="DESKTOP-GQGB5AK" name="com.techouts.fanniemae.testcases.RealEstateBrokerSupplierCreationTest" tests="1" failures="0" timestamp="29 Oct 2019 10:04:28 GMT" time="324.383" errors="0">
  <testcase name="createRealEstateBrokerSupplier" time="324.383" classname="com.techouts.fanniemae.testcases.RealEstateBrokerSupplierCreationTest"/>
</testsuite> <!-- com.techouts.fanniemae.testcases.RealEstateBrokerSupplierCreationTest -->
